Flow report for polyFill
Wed Dec 03 18:20:19 2014
Quartus II 64-Bit Version 11.1 Build 259 01/25/2012 Service Pack 2 SJ Full Version


---------------------
; Table of Contents ;
---------------------
  1. Legal Notice
  2. Flow Summary
  3. Flow Settings
  4. Flow Non-Default Global Settings
  5. Flow Elapsed Time
  6. Flow OS Summary
  7. Flow Log



----------------
; Legal Notice ;
----------------
Copyright (C) 1991-2011 Altera Corporation
Your use of Altera Corporation's design tools, logic functions 
and other software and tools, and its AMPP partner logic 
functions, and any output files from any of the foregoing 
(including device programming or simulation files), and any 
associated documentation or information are expressly subject 
to the terms and conditions of the Altera Program License 
Subscription Agreement, Altera MegaCore Function License 
Agreement, or other applicable license agreement, including, 
without limitation, that your use is for the sole purpose of 
programming logic devices manufactured by Altera and sold by 
Altera or its authorized distributors.  Please refer to the 
applicable agreement for further details.



+-------------------------------------------------------------------------------------+
; Flow Summary                                                                        ;
+------------------------------------+------------------------------------------------+
; Flow Status                        ; Successful - Wed Dec 03 18:20:15 2014          ;
; Quartus II 64-Bit Version          ; 11.1 Build 259 01/25/2012 SP 2 SJ Full Version ;
; Revision Name                      ; polyFill                                       ;
; Top-level Entity Name              ; fp_GfxChip                                     ;
; Family                             ; Cyclone IV E                                   ;
; Device                             ; EP4CE115F29C7                                  ;
; Timing Models                      ; Final                                          ;
; Total logic elements               ; 3,457 / 114,480 ( 3 % )                        ;
;     Total combinational functions  ; 3,413 / 114,480 ( 3 % )                        ;
;     Dedicated logic registers      ; 916 / 114,480 ( < 1 % )                        ;
; Total registers                    ; 916                                            ;
; Total pins                         ; 32 / 529 ( 6 % )                               ;
; Total virtual pins                 ; 0                                              ;
; Total memory bits                  ; 2,021,040 / 3,981,312 ( 51 % )                 ;
; Embedded Multiplier 9-bit elements ; 75 / 532 ( 14 % )                              ;
; Total PLLs                         ; 1 / 4 ( 25 % )                                 ;
+------------------------------------+------------------------------------------------+


+-----------------------------------------+
; Flow Settings                           ;
+-------------------+---------------------+
; Option            ; Setting             ;
+-------------------+---------------------+
; Start date & time ; 12/03/2014 18:19:14 ;
; Main task         ; Compilation         ;
; Revision Name     ; polyFill            ;
+-------------------+---------------------+


+----------------------------------------------------------------------------------------------------------------+
; Flow Non-Default Global Settings                                                                               ;
+-------------------------------------+-------------------------------+---------------+-------------+------------+
; Assignment Name                     ; Value                         ; Default Value ; Entity Name ; Section Id ;
+-------------------------------------+-------------------------------+---------------+-------------+------------+
; COMPILER_SIGNATURE_ID               ; 1096306682161.141764875404360 ; --            ; --          ; --         ;
; IP_TOOL_NAME                        ; ALTPLL                        ; --            ; --          ; --         ;
; IP_TOOL_NAME                        ; RAM: 2-PORT                   ; --            ; --          ; --         ;
; IP_TOOL_NAME                        ; ROM: 1-PORT                   ; --            ; --          ; --         ;
; IP_TOOL_VERSION                     ; 11.1                          ; --            ; --          ; --         ;
; IP_TOOL_VERSION                     ; 11.1                          ; --            ; --          ; --         ;
; IP_TOOL_VERSION                     ; 11.1                          ; --            ; --          ; --         ;
; MAX_CORE_JUNCTION_TEMP              ; 85                            ; --            ; --          ; --         ;
; MIN_CORE_JUNCTION_TEMP              ; 0                             ; --            ; --          ; --         ;
; MISC_FILE                           ; PLL_VGA.cmp                   ; --            ; --          ; --         ;
; MISC_FILE                           ; PLL_VGA.ppf                   ; --            ; --          ; --         ;
; MISC_FILE                           ; RAM_VIDEO_PAGE.cmp            ; --            ; --          ; --         ;
; MISC_FILE                           ; ANIM_DATA.cmp                 ; --            ; --          ; --         ;
; NOMINAL_CORE_SUPPLY_VOLTAGE         ; 1.2V                          ; --            ; --          ; --         ;
; PARTITION_COLOR                     ; 16764057                      ; --            ; fp_GfxChip  ; Top        ;
; PARTITION_FITTER_PRESERVATION_LEVEL ; PLACEMENT_AND_ROUTING         ; --            ; fp_GfxChip  ; Top        ;
; PARTITION_NETLIST_TYPE              ; SOURCE                        ; --            ; fp_GfxChip  ; Top        ;
; TOP_LEVEL_ENTITY                    ; fp_GfxChip                    ; polyFill      ; --          ; --         ;
+-------------------------------------+-------------------------------+---------------+-------------+------------+


+-------------------------------------------------------------------------------------------------------------------------------+
; Flow Elapsed Time                                                                                                             ;
+---------------------------+--------------+-------------------------+---------------------+------------------------------------+
; Module Name               ; Elapsed Time ; Average Processors Used ; Peak Virtual Memory ; Total CPU Time (on all processors) ;
+---------------------------+--------------+-------------------------+---------------------+------------------------------------+
; Analysis & Synthesis      ; 00:00:17     ; 1.0                     ; 539 MB              ; 00:00:16                           ;
; Fitter                    ; 00:00:32     ; 2.6                     ; 816 MB              ; 00:00:41                           ;
; Assembler                 ; 00:00:07     ; 1.0                     ; 643 MB              ; 00:00:07                           ;
; TimeQuest Timing Analyzer ; 00:00:11     ; 1.9                     ; 532 MB              ; 00:00:13                           ;
; Total                     ; 00:01:07     ; --                      ; --                  ; 00:01:17                           ;
+---------------------------+--------------+-------------------------+---------------------+------------------------------------+


+----------------------------------------------------------------------------------------+
; Flow OS Summary                                                                        ;
+---------------------------+------------------+-----------+------------+----------------+
; Module Name               ; Machine Hostname ; OS Name   ; OS Version ; Processor type ;
+---------------------------+------------------+-----------+------------+----------------+
; Analysis & Synthesis      ; Synchronizer     ; Windows 7 ; 6.2        ; x86_64         ;
; Fitter                    ; Synchronizer     ; Windows 7 ; 6.2        ; x86_64         ;
; Assembler                 ; Synchronizer     ; Windows 7 ; 6.2        ; x86_64         ;
; TimeQuest Timing Analyzer ; Synchronizer     ; Windows 7 ; 6.2        ; x86_64         ;
+---------------------------+------------------+-----------+------------+----------------+


------------
; Flow Log ;
------------
quartus_map --read_settings_files=on --write_settings_files=off polyFill -c polyFill
quartus_fit --read_settings_files=off --write_settings_files=off polyFill -c polyFill
quartus_asm --read_settings_files=off --write_settings_files=off polyFill -c polyFill
quartus_sta polyFill -c polyFill



